<?xml version="1.0" encoding="UTF-8"?>
<!-- Generated by org.testng.reporters.JUnitReportReporter -->
<testsuite skipped="0" hostname="DESKTOP-KS5ID4Q" name="testscripts.Assignment1" tests="2" failures="0" timestamp="06 Sep 2018 09:25:06 GMT" time="17.958" errors="0">
  <testcase name="assignment1" time="7.737" classname="testscripts.Assignment1"/>
  <testcase name="navigate" time="10.221" classname="testscripts.Assignment1"/>
</testsuite> <!-- testscripts.Assignment1 -->
